c:\users\jwatson27\source\repos\seniordesignspot\spot control algorithm\microsoft visual c++ 2005 express\debug\spot control algorithm.pch
c:\users\jwatson27\source\repos\seniordesignspot\spot control algorithm\microsoft visual c++ 2005 express\debug\vc141.pdb
c:\users\jwatson27\source\repos\seniordesignspot\spot control algorithm\microsoft visual c++ 2005 express\debug\stdafx.obj
c:\users\jwatson27\source\repos\seniordesignspot\spot control algorithm\microsoft visual c++ 2005 express\debug\bodytracking.obj
c:\users\jwatson27\source\repos\seniordesignspot\spot control algorithm\microsoft visual c++ 2005 express\debug\assemblyinfo.obj
c:\users\jwatson27\source\repos\seniordesignspot\spot control algorithm\microsoft visual c++ 2005 express\debug\.netframework,version=v4.0.assemblyattributes.obj
c:\users\jwatson27\source\repos\seniordesignspot\spot control algorithm\microsoft visual c++ 2005 express\debug\.netframework,version=v4.0.assemblyattributes.asm
c:\users\jwatson27\source\repos\seniordesignspot\spot control algorithm\microsoft visual c++ 2005 express\debug\spot control algorithm.exe
c:\users\jwatson27\source\repos\seniordesignspot\spot control algorithm\microsoft visual c++ 2005 express\debug\spot control algorithm.pdb
c:\users\jwatson27\source\repos\seniordesignspot\spot control algorithm\microsoft visual c++ 2005 express\debug\app.res
c:\users\jwatson27\source\repos\seniordesignspot\spot control algorithm\microsoft visual c++ 2005 express\debug\hidpnpdemo.form1.resources
c:\users\jwatson27\source\repos\seniordesignspot\spot control algorithm\microsoft visual c++ 2005 express\debug\hid pnp demo.vcxproj.generateresource.cache
c:\users\jwatson27\source\repos\seniordesignspot\spot control algorithm\microsoft visual c++ 2005 express\debug\hid pnp demo.vcxprojresolveassemblyreference.cache
c:\users\jwatson27\source\repos\seniordesignspot\spot control algorithm\microsoft visual c++ 2005 express\debug\spot control algorithm.exe.metagen
c:\users\jwatson27\source\repos\seniordesignspot\spot control algorithm\microsoft visual c++ 2005 express\debug\spot con.bc2a6950.tlog\cl.command.1.tlog
c:\users\jwatson27\source\repos\seniordesignspot\spot control algorithm\microsoft visual c++ 2005 express\debug\spot con.bc2a6950.tlog\cl.read.1.tlog
c:\users\jwatson27\source\repos\seniordesignspot\spot control algorithm\microsoft visual c++ 2005 express\debug\spot con.bc2a6950.tlog\cl.write.1.tlog
c:\users\jwatson27\source\repos\seniordesignspot\spot control algorithm\microsoft visual c++ 2005 express\debug\spot con.bc2a6950.tlog\link.command.1.tlog
c:\users\jwatson27\source\repos\seniordesignspot\spot control algorithm\microsoft visual c++ 2005 express\debug\spot con.bc2a6950.tlog\link.read.1.tlog
c:\users\jwatson27\source\repos\seniordesignspot\spot control algorithm\microsoft visual c++ 2005 express\debug\spot con.bc2a6950.tlog\link.write.1.tlog
c:\users\jwatson27\source\repos\seniordesignspot\spot control algorithm\microsoft visual c++ 2005 express\debug\spot con.bc2a6950.tlog\metagen.read.1.tlog
c:\users\jwatson27\source\repos\seniordesignspot\spot control algorithm\microsoft visual c++ 2005 express\debug\spot con.bc2a6950.tlog\metagen.write.1.tlog
c:\users\jwatson27\source\repos\seniordesignspot\spot control algorithm\microsoft visual c++ 2005 express\debug\spot con.bc2a6950.tlog\rc.command.1.tlog
c:\users\jwatson27\source\repos\seniordesignspot\spot control algorithm\microsoft visual c++ 2005 express\debug\spot con.bc2a6950.tlog\rc.read.1.tlog
c:\users\jwatson27\source\repos\seniordesignspot\spot control algorithm\microsoft visual c++ 2005 express\debug\spot con.bc2a6950.tlog\rc.write.1.tlog
c:\users\jwatson27\source\repos\seniordesignspot\spot control algorithm\microsoft visual c++ 2005 express\debug\spot con.bc2a6950.tlog\spot control algorithm.write.1u.tlog
c:\users\jwatson27\source\repos\seniordesignspot\spot control algorithm\microsoft visual c++ 2005 express\debug\spot con.bc2a6950.tlog\tzres.dll.bi
