C:\Program Files (x86)\Microsoft Visual Studio\2017\Enterprise\Common7\IDE\VC\VCTargets\Microsoft.CppBuild.targets(387,5): warning MSB8028: The intermediate directory (Release\) contains files shared from another project (HID PnP Demo.vcxproj).  This can lead to incorrect clean and rebuild behavior.
  BodyTracking.cpp
c:\users\jwatson27\source\repos\seniordesignspot\spot control algorithm\microsoft visual c++ 2005 express\Form1.h(1561): warning C4244: '=': conversion from 'double' to 'int', possible loss of data
c:\users\jwatson27\source\repos\seniordesignspot\spot control algorithm\microsoft visual c++ 2005 express\Form1.h(1573): warning C4244: '=': conversion from 'double' to 'int', possible loss of data
c:\users\jwatson27\source\repos\seniordesignspot\spot control algorithm\microsoft visual c++ 2005 express\Form1.h(1647): warning C4244: '=': conversion from 'double' to 'int', possible loss of data
c:\users\jwatson27\source\repos\seniordesignspot\spot control algorithm\microsoft visual c++ 2005 express\Form1.h(1653): warning C4244: '=': conversion from 'double' to 'int', possible loss of data
c:\users\jwatson27\source\repos\seniordesignspot\spot control algorithm\microsoft visual c++ 2005 express\Form1.h(1661): warning C4244: 'argument': conversion from 'double' to 'int', possible loss of data
c:\opencv\build\include\opencv2\core\cvstd.hpp(575): warning C4793: 'cv::String::String': function compiled as native:
  	Found an intrinsic not supported in managed code
c:\opencv\build\include\opencv2\core\cuda.inl.hpp(105): warning C4793: 'cv::cuda::GpuMat::GpuMat': function compiled as native:
  	Found an intrinsic not supported in managed code
c:\opencv\build\include\opencv2\core\cuda.inl.hpp(395): warning C4793: 'cv::cuda::HostMem::HostMem': function compiled as native:
  	Found an intrinsic not supported in managed code
c:\opencv\build\include\opencv2\core\mat.inl.hpp(482): warning C4793: 'cv::Mat::Mat': function compiled as native:
  	Found an intrinsic not supported in managed code
c:\opencv\build\include\opencv2\core\mat.inl.hpp(803): warning C4793: 'cv::Mat::release': function compiled as native:
  	Found an intrinsic not supported in managed code
c:\opencv\build\include\opencv2\core\mat.inl.hpp(2118): warning C4793: 'cv::SparseMat::addref': function compiled as native:
  	Found an intrinsic not supported in managed code
c:\opencv\build\include\opencv2\core\mat.inl.hpp(3718): warning C4793: 'cv::UMat::addref': function compiled as native:
  	Found an intrinsic not supported in managed code
c:\opencv\build\include\opencv2\core\ptr.inl.hpp(67): warning C4793: 'cv::detail::PtrOwner::incRef': function compiled as native:
  	Found an intrinsic not supported in managed code
c:\opencv\build\include\opencv2\core\ptr.inl.hpp(72): warning C4793: 'cv::detail::PtrOwner::decRef': function compiled as native:
  	Found an intrinsic not supported in managed code
c:\opencv\build\include\opencv2\core\cvstd.hpp(657): warning C4793: 'cv::String::operator=': function compiled as native:
  	Found an intrinsic not supported in managed code
LINK : warning LNK4075: ignoring '/INCREMENTAL' due to '/LTCG' specification
  LINK : /LTCG specified but no code generation required; remove /LTCG from the link command line to improve linker performance
  HID PnP Demo.vcxproj -> C:\Users\jwatson27\Source\Repos\SeniorDesignSPOT\SPOT Control Algorithm\Microsoft Visual C++ 2005 Express\Release\SPOT Control Algorithm.exe
