c:\users\jwatson27\desktop\hid demo lab\generic hid - pnp demo - pc software\microsoft visual c++ 2005 express\release\hid pnp demo.pch
c:\users\jwatson27\desktop\hid demo lab\generic hid - pnp demo - pc software\microsoft visual c++ 2005 express\release\vc141.pdb
c:\users\jwatson27\desktop\hid demo lab\generic hid - pnp demo - pc software\microsoft visual c++ 2005 express\release\stdafx.obj
c:\users\jwatson27\desktop\hid demo lab\generic hid - pnp demo - pc software\microsoft visual c++ 2005 express\release\hid pnp demo.obj
c:\users\jwatson27\desktop\hid demo lab\generic hid - pnp demo - pc software\microsoft visual c++ 2005 express\release\assemblyinfo.obj
c:\users\jwatson27\desktop\hid demo lab\generic hid - pnp demo - pc software\microsoft visual c++ 2005 express\release\.netframework,version=v4.0.assemblyattributes.obj
c:\users\jwatson27\desktop\hid demo lab\generic hid - pnp demo - pc software\microsoft visual c++ 2005 express\release\.netframework,version=v4.0.assemblyattributes.asm
c:\users\jwatson27\desktop\hid demo lab\generic hid - pnp demo - pc software\microsoft visual c++ 2005 express\release\hidpnpdemo.form1.resources
c:\users\jwatson27\desktop\hid demo lab\generic hid - pnp demo - pc software\microsoft visual c++ 2005 express\release\hid pnp demo.exe
c:\users\jwatson27\desktop\hid demo lab\generic hid - pnp demo - pc software\microsoft visual c++ 2005 express\release\hid pnp demo.pdb
c:\users\jwatson27\desktop\hid demo lab\generic hid - pnp demo - pc software\microsoft visual c++ 2005 express\release\app.res
c:\users\jwatson27\desktop\hid demo lab\generic hid - pnp demo - pc software\microsoft visual c++ 2005 express\release\hid pnp demo.vcxproj.generateresource.cache
c:\users\jwatson27\desktop\hid demo lab\generic hid - pnp demo - pc software\microsoft visual c++ 2005 express\release\hid pnp demo.vcxprojresolveassemblyreference.cache
c:\users\jwatson27\desktop\hid demo lab\generic hid - pnp demo - pc software\microsoft visual c++ 2005 express\release\hid pnp demo.exe.metagen
c:\users\jwatson27\desktop\hid demo lab\generic hid - pnp demo - pc software\microsoft visual c++ 2005 express\release\hid pnp demo.tlog\cl.command.1.tlog
c:\users\jwatson27\desktop\hid demo lab\generic hid - pnp demo - pc software\microsoft visual c++ 2005 express\release\hid pnp demo.tlog\cl.read.1.tlog
c:\users\jwatson27\desktop\hid demo lab\generic hid - pnp demo - pc software\microsoft visual c++ 2005 express\release\hid pnp demo.tlog\cl.write.1.tlog
c:\users\jwatson27\desktop\hid demo lab\generic hid - pnp demo - pc software\microsoft visual c++ 2005 express\release\hid pnp demo.tlog\hid pnp demo.write.1u.tlog
c:\users\jwatson27\desktop\hid demo lab\generic hid - pnp demo - pc software\microsoft visual c++ 2005 express\release\hid pnp demo.tlog\link.command.1.tlog
c:\users\jwatson27\desktop\hid demo lab\generic hid - pnp demo - pc software\microsoft visual c++ 2005 express\release\hid pnp demo.tlog\link.read.1.tlog
c:\users\jwatson27\desktop\hid demo lab\generic hid - pnp demo - pc software\microsoft visual c++ 2005 express\release\hid pnp demo.tlog\link.write.1.tlog
c:\users\jwatson27\desktop\hid demo lab\generic hid - pnp demo - pc software\microsoft visual c++ 2005 express\release\hid pnp demo.tlog\metagen.read.1.tlog
c:\users\jwatson27\desktop\hid demo lab\generic hid - pnp demo - pc software\microsoft visual c++ 2005 express\release\hid pnp demo.tlog\metagen.write.1.tlog
c:\users\jwatson27\desktop\hid demo lab\generic hid - pnp demo - pc software\microsoft visual c++ 2005 express\release\hid pnp demo.tlog\rc.command.1.tlog
c:\users\jwatson27\desktop\hid demo lab\generic hid - pnp demo - pc software\microsoft visual c++ 2005 express\release\hid pnp demo.tlog\rc.read.1.tlog
c:\users\jwatson27\desktop\hid demo lab\generic hid - pnp demo - pc software\microsoft visual c++ 2005 express\release\hid pnp demo.tlog\rc.write.1.tlog
c:\users\jwatson27\desktop\hid demo lab\generic hid - pnp demo - pc software\microsoft visual c++ 2005 express\release\hid pnp demo.tlog\tzres.dll.bi
